c:\users\b6069733\visual projects\visual studio projects\coursework2(1)\coursework2\securitysystem2\securitysystem\debug\securitysystem.pch
c:\users\b6069733\visual projects\visual studio projects\coursework2(1)\coursework2\securitysystem2\securitysystem\debug\vc141.pdb
c:\users\b6069733\visual projects\visual studio projects\coursework2(1)\coursework2\securitysystem2\securitysystem\debug\vc141.idb
c:\users\b6069733\visual projects\visual studio projects\coursework2(1)\coursework2\securitysystem2\securitysystem\debug\stdafx.obj
c:\users\b6069733\visual projects\visual studio projects\coursework2(1)\coursework2\securitysystem2\securitysystem\debug\bignumber.obj
c:\users\b6069733\visual projects\visual studio projects\coursework2(1)\coursework2\securitysystem2\securitysystem\debug\binarytree.obj
c:\users\b6069733\visual projects\visual studio projects\coursework2(1)\coursework2\securitysystem2\securitysystem\debug\guesser.obj
c:\users\b6069733\visual projects\visual studio projects\coursework2(1)\coursework2\securitysystem2\securitysystem\debug\interface.obj
c:\users\b6069733\visual projects\visual studio projects\coursework2(1)\coursework2\securitysystem2\securitysystem\debug\lock.obj
c:\users\b6069733\visual projects\visual studio projects\coursework2(1)\coursework2\securitysystem2\securitysystem\debug\locksystem.obj
c:\users\b6069733\visual projects\visual studio projects\coursework2(1)\coursework2\securitysystem2\securitysystem\debug\securitysystem.obj
c:\users\b6069733\visual projects\visual studio projects\coursework2(1)\coursework2\securitysystem2\securitysystem\debug\utilities.obj
c:\users\b6069733\visual projects\visual studio projects\coursework2(1)\coursework2\securitysystem2\debug\securitysystem.ilk
c:\users\b6069733\visual projects\visual studio projects\coursework2(1)\coursework2\securitysystem2\debug\securitysystem.exe
c:\users\b6069733\visual projects\visual studio projects\coursework2(1)\coursework2\securitysystem2\debug\securitysystem.pdb
c:\users\b6069733\visual projects\visual studio projects\coursework2(1)\coursework2\securitysystem2\securitysystem\debug\securitysystem.tlog\cl.command.1.tlog
c:\users\b6069733\visual projects\visual studio projects\coursework2(1)\coursework2\securitysystem2\securitysystem\debug\securitysystem.tlog\cl.read.1.tlog
c:\users\b6069733\visual projects\visual studio projects\coursework2(1)\coursework2\securitysystem2\securitysystem\debug\securitysystem.tlog\cl.write.1.tlog
c:\users\b6069733\visual projects\visual studio projects\coursework2(1)\coursework2\securitysystem2\securitysystem\debug\securitysystem.tlog\link.command.1.tlog
c:\users\b6069733\visual projects\visual studio projects\coursework2(1)\coursework2\securitysystem2\securitysystem\debug\securitysystem.tlog\link.read.1.tlog
c:\users\b6069733\visual projects\visual studio projects\coursework2(1)\coursework2\securitysystem2\securitysystem\debug\securitysystem.tlog\link.write.1.tlog
